0 info it worked if it ends with ok
1 verbose cli [ 'C:\\Program Files\\nodejs\\node.exe',
1 verbose cli   'C:\\Program Files\\nodejs\\node_modules\\npm\\bin\\npm-cli.js',
1 verbose cli   'run',
1 verbose cli   'doc' ]
2 info using npm@3.10.10
3 info using node@v6.14.1
4 verbose run-script [ 'predoc', 'doc', 'postdoc' ]
5 info lifecycle @~predoc: @
6 silly lifecycle @~predoc: no script for predoc, continuing
7 info lifecycle @~doc: @
8 verbose lifecycle @~doc: unsafe-perm in lifecycle true
9 verbose lifecycle @~doc: PATH: C:\Program Files\nodejs\node_modules\npm\bin\node-gyp-bin;F:\Projects\it-ready\node_modules\.bin;C:\Users\BachNx\bin;C:\Program Files\Git\mingw64\bin;C:\Program Files\Git\usr\local\bin;C:\Program Files\Git\usr\bin;C:\Program Files\Git\usr\bin;C:\Program Files\Git\mingw64\bin;C:\Program Files\Git\usr\bin;C:\Users\BachNx\bin;C:\WINDOWS\system32;C:\WINDOWS;C:\WINDOWS\System32\Wbem;C:\WINDOWS\System32\WindowsPowerShell\v1.0;C:\WINDOWS\System32\OpenSSH;C:\Program Files\Git\cmd;C:\Program Files\Git\mingw64\bin;C:\Program Files\Git\usr\bin;C:\Program Files (x86)\NVIDIA Corporation\PhysX\Common;C:\Program Files\PuTTY;C:\Program Files\TortoiseGit\bin;C:\Program Files\NVIDIA Corporation\NVIDIA NvDLISR;C:\Program Files\nodejs;F:\xampp\php;C:\composer;C:\WINDOWS\system32;C:\WINDOWS;C:\WINDOWS\System32\Wbem;C:\WINDOWS\System32\WindowsPowerShell\v1.0;C:\WINDOWS\System32\OpenSSH;C:\Program Files (x86)\Intel\Intel(R) Management Engine Components\DAL;C:\Program Files\Intel\Intel(R) Management Engine Components\DAL;C:\Users\BachNx\AppData\Local\Microsoft\WindowsApps;C:\Users\BachNx\AppData\Roaming\npm;C:\Users\BachNx\AppData\Roaming\Composer\vendor\bin;C:\Program Files\Git\usr\bin\vendor_perl;C:\Program Files\Git\usr\bin\core_perl
10 verbose lifecycle @~doc: CWD: F:\Projects\it-ready
11 silly lifecycle @~doc: Args: [ '/d /s /c',
11 silly lifecycle   'apidoc -i app/Http/Controllers/API -o public/doc/' ]
12 silly lifecycle @~doc: Returned: code: 1  signal: null
13 info lifecycle @~doc: Failed to exec doc script
14 verbose stack Error: @ doc: `apidoc -i app/Http/Controllers/API -o public/doc/`
14 verbose stack Exit status 1
14 verbose stack     at EventEmitter.<anonymous> (C:\Program Files\nodejs\node_modules\npm\lib\utils\lifecycle.js:255:16)
14 verbose stack     at emitTwo (events.js:106:13)
14 verbose stack     at EventEmitter.emit (events.js:191:7)
14 verbose stack     at ChildProcess.<anonymous> (C:\Program Files\nodejs\node_modules\npm\lib\utils\spawn.js:40:14)
14 verbose stack     at emitTwo (events.js:106:13)
14 verbose stack     at ChildProcess.emit (events.js:191:7)
14 verbose stack     at maybeClose (internal/child_process.js:920:16)
14 verbose stack     at Process.ChildProcess._handle.onexit (internal/child_process.js:230:5)
15 verbose pkgid @
16 verbose cwd F:\Projects\it-ready
17 error Windows_NT 10.0.19041
18 error argv "C:\\Program Files\\nodejs\\node.exe" "C:\\Program Files\\nodejs\\node_modules\\npm\\bin\\npm-cli.js" "run" "doc"
19 error node v6.14.1
20 error npm  v3.10.10
21 error code ELIFECYCLE
22 error @ doc: `apidoc -i app/Http/Controllers/API -o public/doc/`
22 error Exit status 1
23 error Failed at the @ doc script 'apidoc -i app/Http/Controllers/API -o public/doc/'.
23 error Make sure you have the latest version of node.js and npm installed.
23 error If you do, this is most likely a problem with the  package,
23 error not with npm itself.
23 error Tell the author that this fails on your system:
23 error     apidoc -i app/Http/Controllers/API -o public/doc/
23 error You can get information on how to open an issue for this project with:
23 error     npm bugs
23 error Or if that isn't available, you can get their info via:
23 error     npm owner ls
23 error There is likely additional logging output above.
24 verbose exit [ 1, true ]
